INFO:  latexindent.pl version 3.18, 2022-06-12, a script to indent .tex files
       latexindent.pl lives here: C:/Users/saisn/AppData/Local/Programs/MiKTeX/scripts/latexindent/
       Mon Feb 20 15:22:07 2023
       Filename: c:/02-Happy/math/aopscalculus/__latexindent_temp_ch2.tex
INFO:  Processing switches:
       -y|--yaml: YAML settings specified via command line
       -c|--cruft: cruft directory
INFO:  Directory for backup files and c:/02-Happy/math//indent.log:
       c:/02-Happy/math/
INFO:  Perl modules are being loaded from the following directories:
       C:/02-Happy/Strawberry/perl/lib/FindBin.pm
       C:/02-Happy/Strawberry/perl/vendor/lib/YAML/Tiny.pm
       C:/02-Happy/Strawberry/perl/lib/File/Copy.pm
       C:/02-Happy/Strawberry/perl/lib/File/Basename.pm
       C:/02-Happy/Strawberry/perl/lib/Getopt/Long.pm
       C:/02-Happy/Strawberry/perl/vendor/lib/File/HomeDir.pm
INFO:  LatexIndent perl modules are being loaded from, for example:
       C:/Users/saisn/AppData/Local/Programs/MiKTeX/scripts/latexindent/LatexIndent/Document.pm
INFO:  YAML settings read: defaultSettings.yaml
       Reading defaultSettings.yaml from C:/Users/saisn/AppData/Local/Programs/MiKTeX/scripts/latexindent/defaultSettings.yaml
INFO:  YAML settings read: indentconfig.yaml or .indentconfig.yaml
       Home directory is C:\Users\saisn (didn't find either indentconfig.yaml or .indentconfig.yaml)
       To specify user settings you would put indentconfig.yaml here: C:\Users\saisn/indentconfig.yaml
       Alternatively, you can use the hidden file .indentconfig.yaml as: C:\Users\saisn/.indentconfig.yaml
INFO:  YAML settings read: -y switch
       YAML setting: defaultIndent:'    '
       single-quoted string found in -y switch: '    ', substitute to     
       Updating mainSettings with defaultIndent:     
INFO:  Phase 1: searching for objects
INFO:  Phase 2: finding surrounding indentation
INFO:  Phase 3: indenting objects
INFO:  Phase 4: final indentation check
INFO:  Output routine:
       Not outputting to file; see -w and -o switches for more options.
       --------------
INFO:  Please direct all communication/issues to:
        https://github.com/cmhughes/latexindent.pl
